{"C:\\Users\\USER\\Brute_force\\linked-list\\helper.ts": {"path":"C:\\Users\\USER\\Brute_force\\linked-list\\helper.ts","statementMap":{"0":{"start":{"line":3,"column":16},"end":{"line":3,"column":33}},"1":{"start":{"line":1,"column":27},"end":{"line":1,"column":null}},"2":{"start":{"line":4,"column":12},"end":{"line":4,"column":null}},"3":{"start":{"line":6,"column":1},"end":{"line":8,"column":null}},"4":{"start":{"line":6,"column":14},"end":{"line":6,"column":33}},"5":{"start":{"line":7,"column":2},"end":{"line":7,"column":null}},"6":{"start":{"line":10,"column":1},"end":{"line":10,"column":null}}},"fnMap":{"0":{"name":"createLinkedList","decl":{"start":{"line":3,"column":16},"end":{"line":3,"column":33}},"loc":{"start":{"line":3,"column":52},"end":{"line":11,"column":null}}}},"branchMap":{},"s":{"0":13,"1":1,"2":13,"3":13,"4":13,"5":34,"6":13},"f":{"0":13},"b":{}}
,"C:\\Users\\USER\\Brute_force\\linked-list\\linkedlist.ts": {"path":"C:\\Users\\USER\\Brute_force\\linked-list\\linkedlist.ts","statementMap":{"0":{"start":{"line":1,"column":13},"end":{"line":1,"column":null}},"1":{"start":{"line":6,"column":2},"end":{"line":6,"column":null}},"2":{"start":{"line":7,"column":2},"end":{"line":7,"column":null}},"3":{"start":{"line":11,"column":18},"end":{"line":11,"column":null}},"4":{"start":{"line":12,"column":2},"end":{"line":12,"column":null}},"5":{"start":{"line":13,"column":2},"end":{"line":13,"column":null}},"6":{"start":{"line":17,"column":2},"end":{"line":17,"column":null}},"7":{"start":{"line":17,"column":38},"end":{"line":17,"column":null}},"8":{"start":{"line":19,"column":12},"end":{"line":19,"column":21}},"9":{"start":{"line":20,"column":2},"end":{"line":22,"column":null}},"10":{"start":{"line":20,"column":15},"end":{"line":20,"column":18}},"11":{"start":{"line":21,"column":3},"end":{"line":21,"column":null}},"12":{"start":{"line":24,"column":2},"end":{"line":24,"column":null}},"13":{"start":{"line":28,"column":2},"end":{"line":28,"column":null}},"14":{"start":{"line":28,"column":19},"end":{"line":28,"column":null}},"15":{"start":{"line":30,"column":15},"end":{"line":30,"column":null}},"16":{"start":{"line":32,"column":2},"end":{"line":32,"column":null}},"17":{"start":{"line":32,"column":21},"end":{"line":32,"column":null}},"18":{"start":{"line":34,"column":2},"end":{"line":34,"column":null}},"19":{"start":{"line":35,"column":2},"end":{"line":35,"column":null}},"20":{"start":{"line":39,"column":2},"end":{"line":39,"column":null}},"21":{"start":{"line":40,"column":2},"end":{"line":40,"column":null}},"22":{"start":{"line":44,"column":2},"end":{"line":44,"column":null}},"23":{"start":{"line":44,"column":19},"end":{"line":44,"column":null}},"24":{"start":{"line":46,"column":15},"end":{"line":46,"column":null}},"25":{"start":{"line":47,"column":2},"end":{"line":47,"column":null}},"26":{"start":{"line":47,"column":21},"end":{"line":47,"column":null}},"27":{"start":{"line":49,"column":2},"end":{"line":49,"column":null}},"28":{"start":{"line":50,"column":2},"end":{"line":50,"column":null}},"29":{"start":{"line":54,"column":15},"end":{"line":54,"column":null}},"30":{"start":{"line":55,"column":12},"end":{"line":55,"column":21}},"31":{"start":{"line":57,"column":2},"end":{"line":60,"column":null}},"32":{"start":{"line":58,"column":3},"end":{"line":58,"column":null}},"33":{"start":{"line":59,"column":3},"end":{"line":59,"column":null}},"34":{"start":{"line":62,"column":2},"end":{"line":62,"column":null}},"35":{"start":{"line":70,"column":2},"end":{"line":70,"column":null}},"36":{"start":{"line":71,"column":2},"end":{"line":71,"column":null}}},"fnMap":{"0":{"name":"(anonymous_1)","decl":{"start":{"line":5,"column":1},"end":{"line":5,"column":15}},"loc":{"start":{"line":5,"column":15},"end":{"line":8,"column":null}}},"1":{"name":"(anonymous_2)","decl":{"start":{"line":10,"column":1},"end":{"line":10,"column":14}},"loc":{"start":{"line":10,"column":28},"end":{"line":14,"column":null}}},"2":{"name":"(anonymous_3)","decl":{"start":{"line":16,"column":1},"end":{"line":16,"column":12}},"loc":{"start":{"line":16,"column":50},"end":{"line":25,"column":null}}},"3":{"name":"(anonymous_4)","decl":{"start":{"line":27,"column":1},"end":{"line":27,"column":15}},"loc":{"start":{"line":27,"column":51},"end":{"line":36,"column":null}}},"4":{"name":"(anonymous_5)","decl":{"start":{"line":38,"column":1},"end":{"line":38,"column":20}},"loc":{"start":{"line":38,"column":20},"end":{"line":41,"column":null}}},"5":{"name":"(anonymous_6)","decl":{"start":{"line":43,"column":1},"end":{"line":43,"column":15}},"loc":{"start":{"line":43,"column":36},"end":{"line":51,"column":null}}},"6":{"name":"(anonymous_7)","decl":{"start":{"line":53,"column":1},"end":{"line":53,"column":9}},"loc":{"start":{"line":53,"column":9},"end":{"line":63,"column":null}}},"7":{"name":"(anonymous_8)","decl":{"start":{"line":69,"column":1},"end":{"line":69,"column":13}},"loc":{"start":{"line":69,"column":64},"end":{"line":72,"column":null}}}},"branchMap":{"0":{"loc":{"start":{"line":17,"column":2},"end":{"line":17,"column":null}},"type":"if","locations":[{"start":{"line":17,"column":2},"end":{"line":17,"column":null}},{"start":{},"end":{}}]},"1":{"loc":{"start":{"line":17,"column":6},"end":{"line":17,"column":36}},"type":"binary-expr","locations":[{"start":{"line":17,"column":6},"end":{"line":17,"column":19}},{"start":{"line":17,"column":19},"end":{"line":17,"column":36}}]},"2":{"loc":{"start":{"line":28,"column":2},"end":{"line":28,"column":null}},"type":"if","locations":[{"start":{"line":28,"column":2},"end":{"line":28,"column":null}},{"start":{},"end":{}}]},"3":{"loc":{"start":{"line":32,"column":2},"end":{"line":32,"column":null}},"type":"if","locations":[{"start":{"line":32,"column":2},"end":{"line":32,"column":null}},{"start":{},"end":{}}]},"4":{"loc":{"start":{"line":39,"column":14},"end":{"line":39,"column":null}},"type":"cond-expr","locations":[{"start":{"line":39,"column":26},"end":{"line":39,"column":44}},{"start":{"line":39,"column":44},"end":{"line":39,"column":null}}]},"5":{"loc":{"start":{"line":44,"column":2},"end":{"line":44,"column":null}},"type":"if","locations":[{"start":{"line":44,"column":2},"end":{"line":44,"column":null}},{"start":{},"end":{}}]},"6":{"loc":{"start":{"line":47,"column":2},"end":{"line":47,"column":null}},"type":"if","locations":[{"start":{"line":47,"column":2},"end":{"line":47,"column":null}},{"start":{},"end":{}}]},"7":{"loc":{"start":{"line":49,"column":14},"end":{"line":49,"column":null}},"type":"cond-expr","locations":[{"start":{"line":49,"column":26},"end":{"line":49,"column":44}},{"start":{"line":49,"column":44},"end":{"line":49,"column":null}}]},"8":{"loc":{"start":{"line":69,"column":28},"end":{"line":69,"column":62}},"type":"default-arg","locations":[{"start":{"line":69,"column":58},"end":{"line":69,"column":62}}]}},"s":{"0":14,"1":14,"2":14,"3":37,"4":37,"5":37,"6":12,"7":6,"8":6,"9":6,"10":6,"11":7,"12":6,"13":4,"14":1,"15":3,"16":3,"17":2,"18":1,"19":1,"20":2,"21":2,"22":4,"23":1,"24":3,"25":3,"26":2,"27":1,"28":1,"29":0,"30":0,"31":0,"32":0,"33":0,"34":0,"35":38,"36":38},"f":{"0":14,"1":37,"2":12,"3":4,"4":2,"5":4,"6":0,"7":38},"b":{"0":[6,6],"1":[12,9],"2":[1,3],"3":[2,1],"4":[2,0],"5":[1,3],"6":[2,1],"7":[1,0],"8":[0]}}
}
