TN:
SF:helper.ts
FN:3,createLinkedList
FNF:1
FNH:1
FNDA:13,createLinkedList
DA:1,1
DA:3,13
DA:4,13
DA:6,13
DA:7,34
DA:10,13
LF:6
LH:6
BRF:0
BRH:0
end_of_record
TN:
SF:linkedlist.ts
FN:5,(anonymous_1)
FN:10,(anonymous_2)
FN:16,(anonymous_3)
FN:27,(anonymous_4)
FN:38,(anonymous_5)
FN:43,(anonymous_6)
FN:53,(anonymous_7)
FN:69,(anonymous_8)
FNF:8
FNH:7
FNDA:14,(anonymous_1)
FNDA:37,(anonymous_2)
FNDA:12,(anonymous_3)
FNDA:4,(anonymous_4)
FNDA:2,(anonymous_5)
FNDA:4,(anonymous_6)
FNDA:0,(anonymous_7)
FNDA:38,(anonymous_8)
DA:1,14
DA:6,14
DA:7,14
DA:11,37
DA:12,37
DA:13,37
DA:17,12
DA:19,6
DA:20,6
DA:21,7
DA:24,6
DA:28,4
DA:30,3
DA:32,3
DA:34,1
DA:35,1
DA:39,2
DA:40,2
DA:44,4
DA:46,3
DA:47,3
DA:49,1
DA:50,1
DA:54,0
DA:55,0
DA:57,0
DA:58,0
DA:59,0
DA:62,0
DA:70,38
DA:71,38
LF:31
LH:25
BRDA:17,0,0,6
BRDA:17,0,1,6
BRDA:17,1,0,12
BRDA:17,1,1,9
BRDA:28,2,0,1
BRDA:28,2,1,3
BRDA:32,3,0,2
BRDA:32,3,1,1
BRDA:39,4,0,2
BRDA:39,4,1,0
BRDA:44,5,0,1
BRDA:44,5,1,3
BRDA:47,6,0,2
BRDA:47,6,1,1
BRDA:49,7,0,1
BRDA:49,7,1,0
BRDA:69,8,0,0
BRF:17
BRH:14
end_of_record
